2021-08-18 14:31:06,270 INFO o.a.j.u.JMeterUtils: Setting Locale to en_EN
2021-08-18 14:31:06,306 INFO o.a.j.JMeter: Loading user properties from: user.properties
2021-08-18 14:31:06,308 INFO o.a.j.JMeter: Loading system properties from: system.properties
2021-08-18 14:31:06,308 INFO o.a.j.JMeter: Setting JMeter property: jmetre.save.saveservice.output_format=xml
2021-08-18 14:31:06,328 INFO o.a.j.JMeter: Copyright (c) 1998-2021 The Apache Software Foundation
2021-08-18 14:31:06,328 INFO o.a.j.JMeter: Version 5.4.1
2021-08-18 14:31:06,328 INFO o.a.j.JMeter: java.version=13.0.1
2021-08-18 14:31:06,329 INFO o.a.j.JMeter: java.vm.name=Java HotSpot(TM) 64-Bit Server VM
2021-08-18 14:31:06,329 INFO o.a.j.JMeter: os.name=Windows 10
2021-08-18 14:31:06,329 INFO o.a.j.JMeter: os.arch=amd64
2021-08-18 14:31:06,329 INFO o.a.j.JMeter: os.version=10.0
2021-08-18 14:31:06,329 INFO o.a.j.JMeter: file.encoding=Cp1252
2021-08-18 14:31:06,329 INFO o.a.j.JMeter: java.awt.headless=true
2021-08-18 14:31:06,329 INFO o.a.j.JMeter: Max memory     =1073741824
2021-08-18 14:31:06,329 INFO o.a.j.JMeter: Available Processors =8
2021-08-18 14:31:06,345 INFO o.a.j.JMeter: Default Locale=English (EN)
2021-08-18 14:31:06,345 INFO o.a.j.JMeter: JMeter  Locale=English (EN)
2021-08-18 14:31:06,345 INFO o.a.j.JMeter: JMeterHome=D:\apache-jmeter-5.4.1
2021-08-18 14:31:06,345 INFO o.a.j.JMeter: user.dir  =D:\apache-jmeter-5.4.1\bin
2021-08-18 14:31:06,346 INFO o.a.j.JMeter: PWD       =D:\apache-jmeter-5.4.1\bin
2021-08-18 14:31:06,348 INFO o.a.j.JMeter: IP: 10.241.108.166 Name: nOUNI-PC FullName: nOUNI-PC.sofrecom-tunisie.com
2021-08-18 14:31:06,355 INFO o.a.j.s.FileServer: Default base='D:\apache-jmeter-5.4.1\bin'
2021-08-18 14:31:06,356 INFO o.a.j.s.FileServer: Set new base='D:\referent\perfTgi\jmetre'
2021-08-18 14:31:06,561 INFO o.a.j.s.SaveService: Testplan (JMX) version: 2.2. Testlog (JTL) version: 2.2
2021-08-18 14:31:06,596 INFO o.a.j.s.SaveService: Using SaveService properties version 5.0
2021-08-18 14:31:06,602 INFO o.a.j.s.SaveService: Using SaveService properties file encoding UTF-8
2021-08-18 14:31:06,607 INFO o.a.j.s.SaveService: Loading file: D:\referent\perfTgi\jmetre\Home.jmx
2021-08-18 14:31:06,701 INFO o.a.j.p.h.s.HTTPSamplerBase: Parser for text/html is org.apache.jmeter.protocol.http.parser.LagartoBasedHtmlParser
2021-08-18 14:31:06,702 INFO o.a.j.p.h.s.HTTPSamplerBase: Parser for application/xhtml+xml is org.apache.jmeter.protocol.http.parser.LagartoBasedHtmlParser
2021-08-18 14:31:06,703 INFO o.a.j.p.h.s.HTTPSamplerBase: Parser for application/xml is org.apache.jmeter.protocol.http.parser.LagartoBasedHtmlParser
2021-08-18 14:31:06,703 INFO o.a.j.p.h.s.HTTPSamplerBase: Parser for text/xml is org.apache.jmeter.protocol.http.parser.LagartoBasedHtmlParser
2021-08-18 14:31:06,703 INFO o.a.j.p.h.s.HTTPSamplerBase: Parser for text/vnd.wap.wml is org.apache.jmeter.protocol.http.parser.RegexpHTMLParser
2021-08-18 14:31:06,703 INFO o.a.j.p.h.s.HTTPSamplerBase: Parser for text/css is org.apache.jmeter.protocol.http.parser.CssParser
2021-08-18 14:31:08,891 INFO o.a.j.e.KeyToolUtils: keytool found at 'keytool'
2021-08-18 14:31:08,892 INFO o.a.j.p.h.p.ProxyControl: HTTP(S) Test Script Recorder SSL Proxy will use keys that support embedded 3rd party resources in file D:\apache-jmeter-5.4.1\bin\proxyserver.jks
2021-08-18 14:31:08,922 INFO o.a.j.JMeter: Creating summariser <summary>
2021-08-18 14:31:08,929 INFO o.a.j.e.StandardJMeterEngine: Running the test!
2021-08-18 14:31:08,931 INFO o.a.j.s.SampleEvent: List of sample_variables: []
2021-08-18 14:31:08,931 INFO o.a.j.s.SampleEvent: List of sample_variables: []
2021-08-18 14:31:08,951 INFO o.a.j.e.u.CompoundVariable: Note: Function class names must contain the string: '.functions.'
2021-08-18 14:31:08,951 INFO o.a.j.e.u.CompoundVariable: Note: Function class names must not contain the string: '.gui.'
2021-08-18 14:31:09,396 INFO o.a.j.JMeter: Running test (1629293469396)
2021-08-18 14:31:09,418 INFO o.a.j.e.StandardJMeterEngine: Starting ThreadGroup: 1 : Thread Group
2021-08-18 14:31:09,419 INFO o.a.j.e.StandardJMeterEngine: Starting 5 threads for group Thread Group.
2021-08-18 14:31:09,420 INFO o.a.j.e.StandardJMeterEngine: Thread will continue on error
2021-08-18 14:31:09,420 INFO o.a.j.t.ThreadGroup: Starting thread group... number=1 threads=5 ramp-up=5 delayedStart=false
2021-08-18 14:31:09,453 INFO o.a.j.t.JMeterThread: Thread started: Thread Group 1-1
2021-08-18 14:31:09,480 INFO o.a.j.t.ThreadGroup: Started thread group number 1
2021-08-18 14:31:09,480 INFO o.a.j.e.StandardJMeterEngine: All thread groups have been started
2021-08-18 14:31:09,496 INFO o.a.j.p.h.s.HTTPHCAbstractImpl: Local host = nOUNI-PC
2021-08-18 14:31:09,505 INFO o.a.j.p.h.s.HTTPHC4Impl: HTTP request retry count = 0
2021-08-18 14:31:09,508 INFO o.a.j.s.SampleResult: Note: Sample TimeStamps are START times
2021-08-18 14:31:09,508 INFO o.a.j.s.SampleResult: sampleresult.default.encoding is set to ISO-8859-1
2021-08-18 14:31:09,508 INFO o.a.j.s.SampleResult: sampleresult.useNanoTime=true
2021-08-18 14:31:09,508 INFO o.a.j.s.SampleResult: sampleresult.nanoThreadSleep=5000
2021-08-18 14:31:10,447 INFO o.a.j.t.JMeterThread: Thread started: Thread Group 1-2
2021-08-18 14:31:11,438 INFO o.a.j.t.JMeterThread: Thread started: Thread Group 1-3
2021-08-18 14:31:12,446 INFO o.a.j.t.JMeterThread: Thread started: Thread Group 1-4
2021-08-18 14:31:13,448 INFO o.a.j.t.JMeterThread: Thread started: Thread Group 1-5
2021-08-18 14:31:31,321 INFO o.a.j.r.Summariser: summary +     11 in 00:00:22 =    0.5/s Avg:  2138 Min:   137 Max: 21136 Err:     1 (9.09%) Active: 5 Started: 5 Finished: 0
2021-08-18 14:31:31,615 INFO o.a.j.p.h.s.h.LazyLayeredConnectionSocketFactory: Setting up HTTPS TrustAll Socket Factory
2021-08-18 14:31:31,647 INFO o.a.j.u.JsseSSLManager: Using default SSL protocol: TLS
2021-08-18 14:31:31,648 INFO o.a.j.u.JsseSSLManager: SSL session context: per-thread
2021-08-18 14:31:31,969 INFO o.a.j.u.SSLManager: JmeterKeyStore Location:  type JKS
2021-08-18 14:31:31,980 INFO o.a.j.u.SSLManager: KeyStore created OK
2021-08-18 14:31:31,980 WARN o.a.j.u.SSLManager: Keystore file not found, loading empty keystore
2021-08-18 14:32:05,120 INFO o.a.j.r.Summariser: summary +     90 in 00:00:34 =    2.7/s Avg:  1806 Min:   221 Max: 21053 Err:     5 (5.56%) Active: 5 Started: 5 Finished: 0
2021-08-18 14:32:05,123 INFO o.a.j.r.Summariser: summary =    101 in 00:00:56 =    1.8/s Avg:  1842 Min:   137 Max: 21136 Err:     6 (5.94%)
2021-08-18 14:32:30,682 INFO o.a.j.r.Summariser: summary +     15 in 00:00:26 =    0.6/s Avg: 13615 Min:  1833 Max: 21059 Err:     9 (60.00%) Active: 5 Started: 5 Finished: 0
2021-08-18 14:32:30,683 INFO o.a.j.r.Summariser: summary =    116 in 00:01:21 =    1.4/s Avg:  3364 Min:   137 Max: 21136 Err:    15 (12.93%)
2021-08-18 14:32:52,350 INFO o.a.j.t.JMeterThread: Thread is done: Thread Group 1-1
2021-08-18 14:32:52,351 INFO o.a.j.t.JMeterThread: Thread finished: Thread Group 1-1
2021-08-18 14:32:52,393 INFO o.a.j.t.JMeterThread: Thread is done: Thread Group 1-3
2021-08-18 14:32:52,393 INFO o.a.j.t.JMeterThread: Thread finished: Thread Group 1-3
2021-08-18 14:32:53,048 INFO o.a.j.t.JMeterThread: Thread is done: Thread Group 1-4
2021-08-18 14:32:53,048 INFO o.a.j.t.JMeterThread: Thread finished: Thread Group 1-4
2021-08-18 14:32:53,296 INFO o.a.j.t.JMeterThread: Thread is done: Thread Group 1-5
2021-08-18 14:32:53,296 INFO o.a.j.t.JMeterThread: Thread finished: Thread Group 1-5
2021-08-18 14:32:53,337 INFO o.a.j.t.JMeterThread: Thread is done: Thread Group 1-2
2021-08-18 14:32:53,338 INFO o.a.j.t.JMeterThread: Thread finished: Thread Group 1-2
2021-08-18 14:32:53,341 INFO o.a.j.e.StandardJMeterEngine: Notifying test listeners of end of test
2021-08-18 14:32:53,374 INFO o.a.j.r.Summariser: summary +    279 in 00:00:23 =   12.3/s Avg:   416 Min:   187 Max:  4333 Err:     0 (0.00%) Active: 0 Started: 5 Finished: 5
2021-08-18 14:32:53,376 INFO o.a.j.r.Summariser: summary =    395 in 00:01:44 =    3.8/s Avg:  1282 Min:   137 Max: 21136 Err:    15 (3.80%)
